<?xml version="1.0" encoding="UTF-8"?>
<!-- Generated by org.testng.reporters.JUnitXMLReporter -->
<testsuite ignored="0" hostname="DESKTOP-G2B9T5E" failures="0" tests="3" name="Default test" time="0.068" errors="0" timestamp="2022-09-01T10:09:29 IST">
  <testcase classname="TestAnotationPractice.TestAnotation1" name="m1" time="0.006"/>
  <testcase classname="TestAnotationPractice.TestAnotation1" name="m2" time="0.002"/>
  <testcase classname="TestAnotationPractice.TestAnotation1" name="m3" time="0.001"/>
</testsuite> <!-- Default test -->
