<?xml version="1.0" encoding="UTF-8"?>
<!-- Generated by org.testng.reporters.JUnitXMLReporter -->
<testsuite ignored="6" hostname="DESKTOP-G2B9T5E" failures="0" tests="3" name="SmokeTest" time="0.086" errors="0" timestamp="2022-09-01T10:47:23 IST">
  <testcase classname="GroupsPractice.TestCase1" name="Test1" time="0.01"/>
  <testcase classname="GroupsPractice.TestCase2" name="Test4" time="0.002"/>
  <testcase classname="GroupsPractice.TestCase3" name="Test7" time="0.006"/>
  <testcase classname="GroupsPractice.TestCase1" name="Test2" time="0.0">
    <ignored/>
  </testcase> <!-- Test2 -->
  <testcase classname="GroupsPractice.TestCase2" name="Test6" time="0.0">
    <ignored/>
  </testcase> <!-- Test6 -->
  <testcase classname="GroupsPractice.TestCase3" name="Test9" time="0.0">
    <ignored/>
  </testcase> <!-- Test9 -->
  <testcase classname="GroupsPractice.TestCase3" name="Test8" time="0.0">
    <ignored/>
  </testcase> <!-- Test8 -->
  <testcase classname="GroupsPractice.TestCase2" name="Test5" time="0.0">
    <ignored/>
  </testcase> <!-- Test5 -->
  <testcase classname="GroupsPractice.TestCase1" name="Test3" time="0.0">
    <ignored/>
  </testcase> <!-- Test3 -->
</testsuite> <!-- SmokeTest -->
