<?xml version="1.0" encoding="UTF-8"?>
<!-- Generated by org.testng.reporters.JUnitXMLReporter -->
<testsuite ignored="3" hostname="DESKTOP-G2B9T5E" failures="0" tests="6" name="Test" time="0.102" errors="0" timestamp="2022-08-03T14:56:35 IST">
  <testcase classname="GroupsPractice.TestCase1" name="Test2" time="0.01"/>
  <testcase classname="GroupsPractice.TestCase1" name="Test3" time="0.002"/>
  <testcase classname="GroupsPractice.TestCase2" name="Test5" time="0.002"/>
  <testcase classname="GroupsPractice.TestCase2" name="Test6" time="0.003"/>
  <testcase classname="GroupsPractice.TestCase3" name="Test8" time="0.001"/>
  <testcase classname="GroupsPractice.TestCase3" name="Test9" time="0.001"/>
  <testcase classname="GroupsPractice.TestCase1" name="Test1" time="0.0">
    <ignored/>
  </testcase> <!-- Test1 -->
  <testcase classname="GroupsPractice.TestCase3" name="Test7" time="0.0">
    <ignored/>
  </testcase> <!-- Test7 -->
  <testcase classname="GroupsPractice.TestCase2" name="Test4" time="0.0">
    <ignored/>
  </testcase> <!-- Test4 -->
</testsuite> <!-- Test -->
