<?xml version="1.0" encoding="UTF-8"?>
<!-- Generated by org.testng.reporters.JUnitXMLReporter -->
<testsuite ignored="0" hostname="DESKTOP-G2B9T5E" failures="0" tests="6" name="Functional Test" time="0.091" errors="0" timestamp="2022-09-01T10:11:02 IST">
  <testcase classname="TestAnotationPractice.TestAnotation1" name="m1" time="0.006"/>
  <testcase classname="TestAnotationPractice.TestAnotation1" name="m2" time="0.002"/>
  <testcase classname="TestAnotationPractice.TestAnotation1" name="m3" time="0.012"/>
  <testcase classname="TestAnotationPractice.TestAnotation2" name="m4" time="0.001"/>
  <testcase classname="TestAnotationPractice.TestAnotation2" name="m5" time="0.001"/>
  <testcase classname="TestAnotationPractice.TestAnotation2" name="m6" time="0.002"/>
</testsuite> <!-- Functional Test -->
