<?xml version="1.0" encoding="UTF-8"?>
<!-- Generated by org.testng.reporters.JUnitXMLReporter -->
<testsuite ignored="0" hostname="DESKTOP-G2B9T5E" failures="0" tests="6" name="Chrome Browser Test" time="5.712" errors="0" timestamp="2022-08-06T16:04:24 IST">
  <testcase classname="CBT.AllBrowser" name="crossBrowserTesting" time="5.258"/>
  <testcase classname="CBT.AllBrowser" name="verifyCurrentUrl" time="0.013"/>
  <testcase classname="CBT.AllBrowser" name="verifyPageTititle" time="0.011"/>
  <testcase classname="CBT.AllBrowser" name="verifyUsernamefield" time="0.154"/>
  <testcase classname="CBT.AllBrowser" name="verifypasswordfield" time="0.131"/>
  <testcase classname="CBT.AllBrowser" name="clickLoginButton" time="0.077"/>
</testsuite> <!-- Chrome Browser Test -->
