<?xml version="1.0" encoding="UTF-8"?>
<!-- Generated by org.testng.reporters.JUnitXMLReporter -->
<testsuite ignored="0" hostname="DESKTOP-G2B9T5E" failures="0" tests="6" name="FireFox Browser Test" time="13.65" errors="0" timestamp="2022-08-06T16:04:38 IST">
  <testcase classname="CBT.AllBrowser" name="crossBrowserTesting" time="8.043"/>
  <testcase classname="CBT.AllBrowser" name="verifyCurrentUrl" time="0.02"/>
  <testcase classname="CBT.AllBrowser" name="verifyPageTititle" time="0.021"/>
  <testcase classname="CBT.AllBrowser" name="verifyUsernamefield" time="0.188"/>
  <testcase classname="CBT.AllBrowser" name="verifypasswordfield" time="0.115"/>
  <testcase classname="CBT.AllBrowser" name="clickLoginButton" time="5.253"/>
</testsuite> <!-- FireFox Browser Test -->
