<?xml version="1.0" encoding="UTF-8"?>
<testng-results ignored="6" total="9" passed="3" failed="0" skipped="0">
  <reporter-output>
  </reporter-output>
  <suite started-at="2022-09-01T10:47:22 IST" name="Master Suite" finished-at="2022-09-01T10:47:22 IST" duration-ms="86">
    <groups>
      <group name="Smoke">
        <method signature="TestCase1.Test1()[pri:0, instance:GroupsPractice.TestCase1@71def8f8]" name="Test1" class="GroupsPractice.TestCase1"/>
        <method signature="TestCase2.Test4()[pri:0, instance:GroupsPractice.TestCase2@22ef9844]" name="Test4" class="GroupsPractice.TestCase2"/>
        <method signature="TestCase3.Test7()[pri:0, instance:GroupsPractice.TestCase3@3f6b0be5]" name="Test7" class="GroupsPractice.TestCase3"/>
      </group> <!-- Smoke -->
    </groups>
    <test started-at="2022-09-01T10:47:22 IST" name="SmokeTest" finished-at="2022-09-01T10:47:22 IST" duration-ms="86">
      <class name="GroupsPractice.TestCase1">
        <test-method signature="Test1()[pri:0, instance:GroupsPractice.TestCase1@71def8f8]" started-at="2022-09-01T10:47:22 IST" name="Test1" finished-at="2022-09-01T10:47:22 IST" duration-ms="10" status="PASS">
          <reporter-output>
          </reporter-output>
        </test-method> <!-- Test1 -->
      </class> <!-- GroupsPractice.TestCase1 -->
      <class name="GroupsPractice.TestCase2">
        <test-method signature="Test4()[pri:0, instance:GroupsPractice.TestCase2@22ef9844]" started-at="2022-09-01T10:47:22 IST" name="Test4" finished-at="2022-09-01T10:47:22 IST" duration-ms="2" status="PASS">
          <reporter-output>
          </reporter-output>
        </test-method> <!-- Test4 -->
      </class> <!-- GroupsPractice.TestCase2 -->
      <class name="GroupsPractice.TestCase3">
        <test-method signature="Test7()[pri:0, instance:GroupsPractice.TestCase3@3f6b0be5]" started-at="2022-09-01T10:47:22 IST" name="Test7" finished-at="2022-09-01T10:47:22 IST" duration-ms="6" status="PASS">
          <reporter-output>
          </reporter-output>
        </test-method> <!-- Test7 -->
      </class> <!-- GroupsPractice.TestCase3 -->
    </test> <!-- SmokeTest -->
  </suite> <!-- Master Suite -->
</testng-results>
